{
  "RSpec": {
    "coverage": {
      "/home/czell/tic-tac-toe-rb-ruby-intro-000/lib/tic_tac_toe.rb": [
        null,
        1,
        null,
        null,
        null,
        null,
        null,
        null,
        null,
        null,
        null,
        1,
        12,
        12,
        12,
        12,
        12,
        null,
        null,
        1,
        14,
        null,
        null,
        1,
        13,
        null,
        null,
        1,
        16,
        null,
        null,
        1,
        14,
        11,
        null,
        null,
        null,
        1,
        12,
        12,
        108,
        9,
        null,
        null,
        12,
        null,
        null,
        1,
        11,
        null,
        null,
        1,
        11,
        11,
        11,
        11,
        10,
        10,
        null,
        1,
        null,
        null,
        null,
        1,
        57,
        369,
        369,
        369,
        null,
        369,
        369,
        369,
        null,
        369,
        13,
        356,
        5,
        null,
        null,
        39,
        null,
        null,
        1,
        131,
        null,
        null,
        1,
        24,
        4,
        null,
        20,
        null,
        null,
        null,
        1,
        11,
        8,
        null,
        3,
        null,
        null,
        null,
        1,
        6,
        6,
        6,
        null,
        null,
        5,
        3,
        null,
        2,
        null,
        null,
        null,
        null,
        1,
        11,
        8,
        null,
        null,
        11,
        4,
        null,
        null,
        11,
        3,
        null,
        null,
        null
      ]
    },
    "timestamp": 1599867114
  }
}
