{
  "RSpec": {
    "coverage": {
      "/home/czell/tic-tac-toe-rb-ruby-intro-000/lib/tic_tac_toe.rb": [
        null,
        1,
        null,
        null,
        null,
        null,
        null,
        null,
        null,
        null,
        null,
        1,
        5,
        5,
        5,
        5,
        5,
        null,
        null,
        1,
        9322,
        null,
        null,
        1,
        6,
        null,
        null,
        1,
        9324,
        null,
        null,
        1,
        9322,
        4,
        null,
        null,
        null,
        1,
        5,
        5,
        45,
        5,
        null,
        null,
        5,
        null,
        null,
        1,
        4,
        null,
        null,
        1,
        9320,
        9319,
        9319,
        9319,
        3,
        3,
        null,
        9316,
        null,
        null,
        null,
        1,
        13,
        93,
        93,
        93,
        null,
        93,
        93,
        93,
        null,
        93,
        5,
        88,
        1,
        null,
        null,
        7,
        null,
        null,
        1,
        49,
        null,
        null,
        1,
        6,
        2,
        null,
        4,
        null,
        null,
        null,
        1,
        3,
        2,
        null,
        1,
        null,
        null,
        null,
        1,
        3,
        3,
        3,
        null,
        null,
        2,
        1,
        null,
        1,
        null,
        null,
        null,
        null,
        1,
        1,
        1,
        2,
        1,
        null,
        null
      ]
    },
    "timestamp": 1599866856
  }
}
